Arguments: 
  C:\Program Files\nodejs\node.exe C:\Users\hoang\AppData\Roaming\npm\node_modules\yarn\bin\yarn.js start

PATH: 
  C:\ProgramData\Oracle\Java\javapath;C:\Windows\system32;C:\Windows;C:\Windows\System32\Wbem;C:\Windows\System32\WindowsPowerShell\v1.0\;C:\Windows\System32\OpenSSH\;C:\Program Files\Git\cmd;C:\Program Files (x86)\dotnet\;C:\Program Files\nodejs\;C:\Users\hoang\AppData\Local\Programs\Python\Python39\Scripts\;C:\Users\hoang\AppData\Local\Programs\Python\Python39\;C:\Users\hoang\AppData\Local\Programs\Python\Launcher\;C:\Users\hoang\AppData\Local\Microsoft\WindowsApps;C:\Users\hoang\AppData\Local\Programs\Microsoft VS Code\bin;C:\Program Files\heroku\bin;C:\Users\hoang\AppData\Roaming\npm

Yarn version: 
  1.22.11

Node version: 
  14.17.6

Platform: 
  win32 x64

Trace: 
  SyntaxError: C:\Users\hoang\OneDrive\Máy tính\Web52_FullStack\Btvn2\package.json: Unexpected token / in JSON at position 172
      at JSON.parse (<anonymous>)
      at C:\Users\hoang\AppData\Roaming\npm\node_modules\yarn\lib\cli.js:1625:59
      at Generator.next (<anonymous>)
      at step (C:\Users\hoang\AppData\Roaming\npm\node_modules\yarn\lib\cli.js:310:30)
      at C:\Users\hoang\AppData\Roaming\npm\node_modules\yarn\lib\cli.js:321:13

npm manifest: 
  {
    "name": "express-first",
    "version": "1.0.0",
    "description": "",
    "main": "index.js",
    "scripts": {
      "test": "echo \"Error: no test specified\" && exit 1",
      // "start": "nodemon ./index.js"
    },
    "author": "",
    "license": "ISC",
    "dependencies": {
      "express": "^4.17.1",
      "lodash": "^4.17.21",
      "nodemon": "^2.0.12"
    }
  }

yarn manifest: 
  No manifest

Lockfile: 
  No lockfile
